<?xml version="1.0" encoding="UTF-8"?>
<testng-results skipped="0" failed="0" ignored="0" total="2" passed="2">
  <reporter-output>
  </reporter-output>
  <suite name="Default suite" duration-ms="26442" started-at="2021-02-17T17:05:57 IST" finished-at="2021-02-17T17:06:24 IST">
    <groups>
    </groups>
    <test name="Default test" duration-ms="26442" started-at="2021-02-17T17:05:57 IST" finished-at="2021-02-17T17:06:24 IST">
      <class name="lab6.lab6_2">
        <test-method status="PASS" signature="init()[pri:0, instance:lab6.lab6_2@131276c2]" name="init" is-config="true" duration-ms="3415" started-at="2021-02-17T17:05:57 IST" finished-at="2021-02-17T17:06:01 IST">
          <reporter-output>
          </reporter-output>
        </test-method> <!-- init -->
        <test-method status="PASS" signature="launch1()[pri:0, instance:lab6.lab6_2@131276c2]" name="launch1" duration-ms="17624" started-at="2021-02-17T17:06:01 IST" finished-at="2021-02-17T17:06:19 IST">
          <reporter-output>
          </reporter-output>
        </test-method> <!-- launch1 -->
        <test-method status="PASS" signature="admin()[pri:1, instance:lab6.lab6_2@131276c2]" name="admin" duration-ms="5325" started-at="2021-02-17T17:06:19 IST" finished-at="2021-02-17T17:06:24 IST">
          <reporter-output>
          </reporter-output>
        </test-method> <!-- admin -->
      </class> <!-- lab6.lab6_2 -->
    </test> <!-- Default test -->
  </suite> <!-- Default suite -->
</testng-results>
